2025-11-28 14:04:36,706 - pointcloud_segmentation.utils - INFO - Starting PointNet++ training with ball query patches
2025-11-28 14:04:36,706 - pointcloud_segmentation.utils - INFO - Config: {'patches_path': 'data/ODMSemantic3D/patches_waterbury_roads_2.npz', 'batch_size': 8, 'num_epochs': 20, 'learning_rate': 0.001, 'weight_decay': 0.0001, 'num_classes': 10, 'num_points': 4096, 'val_split': 0.2, 'random_seed': 42, 'use_scheduler': True, 'scheduler_step': 10, 'scheduler_gamma': 0.5, 'num_workers': 0, 'log_dir': './logs', 'checkpoint_dir': './checkpoints'}
2025-11-28 14:05:17,840 - pointcloud_segmentation.utils - INFO - Starting PointNet++ training with ball query patches
2025-11-28 14:05:17,840 - pointcloud_segmentation.utils - INFO - Config: {'patches_path': 'data/ODMSemantic3D/patches_waterbury_roads_2.npz', 'batch_size': 8, 'num_epochs': 20, 'learning_rate': 0.001, 'weight_decay': 0.0001, 'num_classes': 10, 'num_points': 4096, 'val_split': 0.2, 'random_seed': 42, 'use_scheduler': True, 'scheduler_step': 10, 'scheduler_gamma': 0.5, 'num_workers': 0, 'log_dir': './logs', 'checkpoint_dir': './checkpoints'}
2025-11-28 14:05:25,867 - pointcloud_segmentation.utils - INFO - Learning rate: 0.001000
2025-11-28 14:05:25,868 - pointcloud_segmentation.utils - INFO - Epoch 1/20 - Train Loss: 0.9479, Val Loss: 429.5087, Val Acc: 29.32%
2025-11-28 14:05:25,894 - pointcloud_segmentation.utils - INFO - New best model saved! Val Loss: 429.5087, Val Acc: 29.32%
2025-11-28 14:05:33,368 - pointcloud_segmentation.utils - INFO - Learning rate: 0.001000
2025-11-28 14:05:33,368 - pointcloud_segmentation.utils - INFO - Epoch 2/20 - Train Loss: 0.6004, Val Loss: 1533.8009, Val Acc: 29.32%
2025-11-28 14:05:40,847 - pointcloud_segmentation.utils - INFO - Learning rate: 0.001000
2025-11-28 14:05:40,847 - pointcloud_segmentation.utils - INFO - Epoch 3/20 - Train Loss: 0.5178, Val Loss: 1213.9864, Val Acc: 29.32%
2025-11-28 14:05:48,514 - pointcloud_segmentation.utils - INFO - Learning rate: 0.001000
2025-11-28 14:05:48,514 - pointcloud_segmentation.utils - INFO - Epoch 4/20 - Train Loss: 0.4784, Val Loss: 2167.6565, Val Acc: 29.32%
2025-11-28 14:05:56,117 - pointcloud_segmentation.utils - INFO - Learning rate: 0.001000
2025-11-28 14:05:56,117 - pointcloud_segmentation.utils - INFO - Epoch 5/20 - Train Loss: 0.4558, Val Loss: 3025.5081, Val Acc: 29.32%
2025-11-28 14:06:03,673 - pointcloud_segmentation.utils - INFO - Learning rate: 0.001000
2025-11-28 14:06:03,673 - pointcloud_segmentation.utils - INFO - Epoch 6/20 - Train Loss: 0.4326, Val Loss: 4278.9935, Val Acc: 29.32%
2025-11-28 14:06:11,263 - pointcloud_segmentation.utils - INFO - Learning rate: 0.001000
2025-11-28 14:06:11,263 - pointcloud_segmentation.utils - INFO - Epoch 7/20 - Train Loss: 0.4214, Val Loss: 4254.7852, Val Acc: 29.32%
2025-11-28 14:06:18,791 - pointcloud_segmentation.utils - INFO - Learning rate: 0.001000
2025-11-28 14:06:18,791 - pointcloud_segmentation.utils - INFO - Epoch 8/20 - Train Loss: 0.4105, Val Loss: 3607.4854, Val Acc: 29.32%
2025-11-28 14:06:26,518 - pointcloud_segmentation.utils - INFO - Learning rate: 0.001000
2025-11-28 14:06:26,519 - pointcloud_segmentation.utils - INFO - Epoch 9/20 - Train Loss: 0.3978, Val Loss: 1455.5899, Val Acc: 29.32%
2025-11-28 14:06:34,053 - pointcloud_segmentation.utils - INFO - Learning rate: 0.000500
2025-11-28 14:06:34,053 - pointcloud_segmentation.utils - INFO - Epoch 10/20 - Train Loss: 0.3822, Val Loss: 1621.5149, Val Acc: 29.32%
2025-11-28 14:06:41,562 - pointcloud_segmentation.utils - INFO - Learning rate: 0.000500
2025-11-28 14:06:41,562 - pointcloud_segmentation.utils - INFO - Epoch 11/20 - Train Loss: 0.3564, Val Loss: 1044.1783, Val Acc: 29.32%
2025-11-28 14:06:49,284 - pointcloud_segmentation.utils - INFO - Learning rate: 0.000500
2025-11-28 14:06:49,285 - pointcloud_segmentation.utils - INFO - Epoch 12/20 - Train Loss: 0.3452, Val Loss: 303.5259, Val Acc: 29.32%
2025-11-28 14:06:49,309 - pointcloud_segmentation.utils - INFO - New best model saved! Val Loss: 303.5259, Val Acc: 29.32%
2025-11-28 14:06:56,934 - pointcloud_segmentation.utils - INFO - Learning rate: 0.000500
2025-11-28 14:06:56,934 - pointcloud_segmentation.utils - INFO - Epoch 13/20 - Train Loss: 0.3375, Val Loss: 697.2680, Val Acc: 29.32%
2025-11-28 14:07:04,485 - pointcloud_segmentation.utils - INFO - Learning rate: 0.000500
2025-11-28 14:07:04,485 - pointcloud_segmentation.utils - INFO - Epoch 14/20 - Train Loss: 0.3350, Val Loss: 1006.8015, Val Acc: 29.32%
2025-11-28 14:07:11,955 - pointcloud_segmentation.utils - INFO - Learning rate: 0.000500
2025-11-28 14:07:11,955 - pointcloud_segmentation.utils - INFO - Epoch 15/20 - Train Loss: 0.3359, Val Loss: 349.7524, Val Acc: 29.32%
2025-11-28 14:07:19,439 - pointcloud_segmentation.utils - INFO - Learning rate: 0.000500
2025-11-28 14:07:19,439 - pointcloud_segmentation.utils - INFO - Epoch 16/20 - Train Loss: 0.3293, Val Loss: 448.5397, Val Acc: 29.32%
2025-11-28 14:07:26,991 - pointcloud_segmentation.utils - INFO - Learning rate: 0.000500
2025-11-28 14:07:26,991 - pointcloud_segmentation.utils - INFO - Epoch 17/20 - Train Loss: 0.3289, Val Loss: 1320.5720, Val Acc: 29.32%
2025-11-28 14:07:34,587 - pointcloud_segmentation.utils - INFO - Learning rate: 0.000500
2025-11-28 14:07:34,588 - pointcloud_segmentation.utils - INFO - Epoch 18/20 - Train Loss: 0.3152, Val Loss: 838.2649, Val Acc: 29.32%
2025-11-28 14:07:42,188 - pointcloud_segmentation.utils - INFO - Learning rate: 0.000500
2025-11-28 14:07:42,188 - pointcloud_segmentation.utils - INFO - Epoch 19/20 - Train Loss: 0.3101, Val Loss: 2148.0618, Val Acc: 29.32%
2025-11-28 14:07:49,818 - pointcloud_segmentation.utils - INFO - Learning rate: 0.000250
2025-11-28 14:07:49,818 - pointcloud_segmentation.utils - INFO - Epoch 20/20 - Train Loss: 0.3149, Val Loss: 104.2686, Val Acc: 50.56%
2025-11-28 14:07:49,842 - pointcloud_segmentation.utils - INFO - New best model saved! Val Loss: 104.2686, Val Acc: 50.56%
2025-11-28 14:07:49,842 - pointcloud_segmentation.utils - INFO - Training completed!
2025-11-28 14:07:49,842 - pointcloud_segmentation.utils - INFO - Best validation loss: 104.2686, Best validation accuracy: 50.56%
2025-11-28 14:29:01,312 - pointcloud_segmentation.utils - INFO - Starting PointNet++ training with ball query patches
2025-11-28 14:29:01,312 - pointcloud_segmentation.utils - INFO - Config: {'patches_path': 'data/ODMSemantic3D/patches_waterbury_roads_2.npz', 'batch_size': 8, 'num_epochs': 20, 'learning_rate': 0.001, 'weight_decay': 0.0001, 'num_classes': 10, 'num_points': 4096, 'val_split': 0.2, 'random_seed': 42, 'use_scheduler': True, 'scheduler_step': 10, 'scheduler_gamma': 0.5, 'num_workers': 0, 'log_dir': './logs', 'checkpoint_dir': './checkpoints'}
2025-11-28 14:30:12,149 - pointcloud_segmentation.utils - INFO - Starting PointNet++ training with ball query patches
2025-11-28 14:30:12,149 - pointcloud_segmentation.utils - INFO - Config: {'patches_path': 'data/ODMSemantic3D/patches_waterbury_roads_2.npz', 'batch_size': 8, 'num_epochs': 20, 'learning_rate': 0.001, 'weight_decay': 0.0001, 'num_classes': 10, 'num_points': 4096, 'val_split': 0.2, 'random_seed': 42, 'use_scheduler': True, 'scheduler_step': 10, 'scheduler_gamma': 0.5, 'num_workers': 0, 'log_dir': './logs', 'checkpoint_dir': './checkpoints'}
2025-11-28 14:31:09,910 - pointcloud_segmentation.utils - INFO - Starting PointNet++ training with ball query patches
2025-11-28 14:31:09,910 - pointcloud_segmentation.utils - INFO - Config: {'patches_path': 'data/ODMSemantic3D/patches_waterbury_roads_2.npz', 'batch_size': 8, 'num_epochs': 20, 'learning_rate': 0.001, 'weight_decay': 0.0001, 'num_classes': 10, 'num_points': 4096, 'val_split': 0.2, 'random_seed': 42, 'use_scheduler': True, 'scheduler_step': 10, 'scheduler_gamma': 0.5, 'num_workers': 0, 'log_dir': './logs', 'checkpoint_dir': './checkpoints'}
2025-11-28 14:32:02,402 - pointcloud_segmentation.utils - INFO - Starting PointNet++ training with ball query patches
2025-11-28 14:32:02,402 - pointcloud_segmentation.utils - INFO - Config: {'patches_path': 'data/ODMSemantic3D/patches_waterbury_roads_2.npz', 'batch_size': 8, 'num_epochs': 20, 'learning_rate': 0.001, 'weight_decay': 0.0001, 'num_classes': 10, 'num_points': 4096, 'val_split': 0.2, 'random_seed': 42, 'use_scheduler': True, 'scheduler_step': 10, 'scheduler_gamma': 0.5, 'num_workers': 0, 'log_dir': './logs', 'checkpoint_dir': './checkpoints'}
2025-11-28 14:33:10,005 - pointcloud_segmentation.utils - INFO - Starting PointNet++ training with ball query patches
2025-11-28 14:33:10,005 - pointcloud_segmentation.utils - INFO - Config: {'patches_path': 'data/ODMSemantic3D/patches_waterbury_roads_2.npz', 'batch_size': 8, 'num_epochs': 20, 'learning_rate': 0.001, 'weight_decay': 0.0001, 'num_classes': 10, 'num_points': 4096, 'val_split': 0.2, 'random_seed': 42, 'use_scheduler': True, 'scheduler_step': 10, 'scheduler_gamma': 0.5, 'num_workers': 0, 'log_dir': './logs', 'checkpoint_dir': './checkpoints'}
2025-11-28 14:34:04,677 - pointcloud_segmentation.utils - INFO - Starting PointNet++ training with ball query patches
2025-11-28 14:34:04,677 - pointcloud_segmentation.utils - INFO - Config: {'patches_path': 'data/ODMSemantic3D/patches_waterbury_roads_2.npz', 'batch_size': 8, 'num_epochs': 20, 'learning_rate': 0.001, 'weight_decay': 0.0001, 'num_classes': 10, 'num_points': 4096, 'val_split': 0.2, 'random_seed': 42, 'use_scheduler': True, 'scheduler_step': 10, 'scheduler_gamma': 0.5, 'num_workers': 0, 'log_dir': './logs', 'checkpoint_dir': './checkpoints'}
2025-11-28 14:34:16,204 - pointcloud_segmentation.utils - INFO - Learning rate: 0.001000
2025-11-28 14:34:16,204 - pointcloud_segmentation.utils - INFO - Epoch 1/20 - Train Loss: 1.5452, Val Loss: 77.8360, Val Acc: 4.38%
2025-11-28 14:34:16,220 - pointcloud_segmentation.utils - INFO - New best model saved! Val Loss: 77.8360, Val Acc: 4.38%
2025-11-28 14:34:27,663 - pointcloud_segmentation.utils - INFO - Learning rate: 0.001000
2025-11-28 14:34:27,663 - pointcloud_segmentation.utils - INFO - Epoch 2/20 - Train Loss: 1.3333, Val Loss: 105.5885, Val Acc: 15.32%
2025-11-28 14:34:38,966 - pointcloud_segmentation.utils - INFO - Learning rate: 0.001000
2025-11-28 14:34:38,966 - pointcloud_segmentation.utils - INFO - Epoch 3/20 - Train Loss: 1.2425, Val Loss: 86.6572, Val Acc: 29.32%
2025-11-28 14:34:50,476 - pointcloud_segmentation.utils - INFO - Learning rate: 0.001000
2025-11-28 14:34:50,477 - pointcloud_segmentation.utils - INFO - Epoch 4/20 - Train Loss: 1.2025, Val Loss: 47.3812, Val Acc: 50.56%
2025-11-28 14:34:50,496 - pointcloud_segmentation.utils - INFO - New best model saved! Val Loss: 47.3812, Val Acc: 50.56%
2025-11-28 14:35:01,896 - pointcloud_segmentation.utils - INFO - Learning rate: 0.001000
2025-11-28 14:35:01,896 - pointcloud_segmentation.utils - INFO - Epoch 5/20 - Train Loss: 1.1905, Val Loss: 23.4076, Val Acc: 29.32%
2025-11-28 14:35:01,917 - pointcloud_segmentation.utils - INFO - New best model saved! Val Loss: 23.4076, Val Acc: 29.32%
2025-11-28 14:35:13,335 - pointcloud_segmentation.utils - INFO - Learning rate: 0.001000
2025-11-28 14:35:13,335 - pointcloud_segmentation.utils - INFO - Epoch 6/20 - Train Loss: 1.1825, Val Loss: 11.7147, Val Acc: 29.32%
2025-11-28 14:35:13,356 - pointcloud_segmentation.utils - INFO - New best model saved! Val Loss: 11.7147, Val Acc: 29.32%
2025-11-28 14:35:24,664 - pointcloud_segmentation.utils - INFO - Learning rate: 0.001000
2025-11-28 14:35:24,664 - pointcloud_segmentation.utils - INFO - Epoch 7/20 - Train Loss: 1.1759, Val Loss: 5.1303, Val Acc: 50.56%
2025-11-28 14:35:24,685 - pointcloud_segmentation.utils - INFO - New best model saved! Val Loss: 5.1303, Val Acc: 50.56%
2025-11-28 14:35:36,234 - pointcloud_segmentation.utils - INFO - Learning rate: 0.001000
2025-11-28 14:35:36,234 - pointcloud_segmentation.utils - INFO - Epoch 8/20 - Train Loss: 1.1728, Val Loss: 5.0021, Val Acc: 50.56%
2025-11-28 14:35:36,255 - pointcloud_segmentation.utils - INFO - New best model saved! Val Loss: 5.0021, Val Acc: 50.56%
2025-11-28 14:35:47,786 - pointcloud_segmentation.utils - INFO - Learning rate: 0.001000
2025-11-28 14:35:47,786 - pointcloud_segmentation.utils - INFO - Epoch 9/20 - Train Loss: 1.1698, Val Loss: 4.5975, Val Acc: 50.56%
2025-11-28 14:35:47,807 - pointcloud_segmentation.utils - INFO - New best model saved! Val Loss: 4.5975, Val Acc: 50.56%
2025-11-28 14:35:59,169 - pointcloud_segmentation.utils - INFO - Learning rate: 0.000500
2025-11-28 14:35:59,169 - pointcloud_segmentation.utils - INFO - Epoch 10/20 - Train Loss: 1.1679, Val Loss: 5.1560, Val Acc: 50.56%
2025-11-28 14:36:10,696 - pointcloud_segmentation.utils - INFO - Learning rate: 0.000500
2025-11-28 14:36:10,696 - pointcloud_segmentation.utils - INFO - Epoch 11/20 - Train Loss: 1.1654, Val Loss: 2.4970, Val Acc: 50.56%
2025-11-28 14:36:10,716 - pointcloud_segmentation.utils - INFO - New best model saved! Val Loss: 2.4970, Val Acc: 50.56%
2025-11-28 14:36:22,189 - pointcloud_segmentation.utils - INFO - Learning rate: 0.000500
2025-11-28 14:36:22,190 - pointcloud_segmentation.utils - INFO - Epoch 12/20 - Train Loss: 1.1643, Val Loss: 3.2297, Val Acc: 50.56%
2025-11-28 14:36:33,720 - pointcloud_segmentation.utils - INFO - Learning rate: 0.000500
2025-11-28 14:36:33,721 - pointcloud_segmentation.utils - INFO - Epoch 13/20 - Train Loss: 1.1637, Val Loss: 1.4531, Val Acc: 50.56%
2025-11-28 14:36:33,742 - pointcloud_segmentation.utils - INFO - New best model saved! Val Loss: 1.4531, Val Acc: 50.56%
2025-11-28 14:36:45,512 - pointcloud_segmentation.utils - INFO - Learning rate: 0.000500
2025-11-28 14:36:45,513 - pointcloud_segmentation.utils - INFO - Epoch 14/20 - Train Loss: 1.1617, Val Loss: 1.2497, Val Acc: 50.58%
2025-11-28 14:36:45,533 - pointcloud_segmentation.utils - INFO - New best model saved! Val Loss: 1.2497, Val Acc: 50.58%
2025-11-28 14:36:57,170 - pointcloud_segmentation.utils - INFO - Learning rate: 0.000500
2025-11-28 14:36:57,170 - pointcloud_segmentation.utils - INFO - Epoch 15/20 - Train Loss: 1.1620, Val Loss: 1.6409, Val Acc: 50.56%
2025-11-28 14:37:00,329 - pointcloud_segmentation.utils - INFO - Starting PointNet++ training with ball query patches
2025-11-28 14:37:00,330 - pointcloud_segmentation.utils - INFO - Config: {'patches_path': 'data/ODMSemantic3D/patches_waterbury_roads_2.npz', 'batch_size': 8, 'num_epochs': 20, 'learning_rate': 0.001, 'weight_decay': 0.0001, 'num_classes': 10, 'num_points': 4096, 'val_split': 0.2, 'random_seed': 42, 'use_scheduler': True, 'scheduler_step': 10, 'scheduler_gamma': 0.5, 'num_workers': 0, 'log_dir': './logs', 'checkpoint_dir': './checkpoints'}
2025-11-28 14:37:10,095 - pointcloud_segmentation.utils - INFO - Learning rate: 0.000500
2025-11-28 14:37:10,096 - pointcloud_segmentation.utils - INFO - Epoch 16/20 - Train Loss: 1.1611, Val Loss: 3.6102, Val Acc: 50.56%
2025-11-28 14:37:14,108 - pointcloud_segmentation.utils - INFO - Learning rate: 0.001000
2025-11-28 14:37:14,108 - pointcloud_segmentation.utils - INFO - Epoch 1/20 - Train Loss: 1.5290, Val Loss: 58.5000, Val Acc: 0.42%
2025-11-28 14:37:14,132 - pointcloud_segmentation.utils - INFO - New best model saved! Val Loss: 58.5000, Val Acc: 0.42%
2025-11-28 14:37:23,436 - pointcloud_segmentation.utils - INFO - Learning rate: 0.000500
2025-11-28 14:37:23,436 - pointcloud_segmentation.utils - INFO - Epoch 17/20 - Train Loss: 1.1601, Val Loss: 3.3396, Val Acc: 50.56%
2025-11-28 14:37:27,039 - pointcloud_segmentation.utils - INFO - Learning rate: 0.001000
2025-11-28 14:37:27,039 - pointcloud_segmentation.utils - INFO - Epoch 2/20 - Train Loss: 1.3254, Val Loss: 107.3730, Val Acc: 29.32%
2025-11-28 14:37:36,694 - pointcloud_segmentation.utils - INFO - Learning rate: 0.000500
2025-11-28 14:37:36,694 - pointcloud_segmentation.utils - INFO - Epoch 18/20 - Train Loss: 1.1595, Val Loss: 1.8715, Val Acc: 50.55%
2025-11-28 14:37:40,116 - pointcloud_segmentation.utils - INFO - Learning rate: 0.001000
2025-11-28 14:37:40,116 - pointcloud_segmentation.utils - INFO - Epoch 3/20 - Train Loss: 1.2411, Val Loss: 46.2987, Val Acc: 29.32%
2025-11-28 14:37:40,139 - pointcloud_segmentation.utils - INFO - New best model saved! Val Loss: 46.2987, Val Acc: 29.32%
2025-11-28 14:37:49,759 - pointcloud_segmentation.utils - INFO - Learning rate: 0.000500
2025-11-28 14:37:49,760 - pointcloud_segmentation.utils - INFO - Epoch 19/20 - Train Loss: 1.1590, Val Loss: 1.5883, Val Acc: 50.55%
2025-11-28 14:37:53,272 - pointcloud_segmentation.utils - INFO - Learning rate: 0.001000
2025-11-28 14:37:53,272 - pointcloud_segmentation.utils - INFO - Epoch 4/20 - Train Loss: 1.2074, Val Loss: 39.1752, Val Acc: 50.56%
2025-11-28 14:37:53,287 - pointcloud_segmentation.utils - INFO - New best model saved! Val Loss: 39.1752, Val Acc: 50.56%
2025-11-28 14:38:02,811 - pointcloud_segmentation.utils - INFO - Learning rate: 0.000250
2025-11-28 14:38:02,812 - pointcloud_segmentation.utils - INFO - Epoch 20/20 - Train Loss: 1.1586, Val Loss: 1.7991, Val Acc: 50.56%
2025-11-28 14:38:02,812 - pointcloud_segmentation.utils - INFO - Training completed!
2025-11-28 14:38:02,812 - pointcloud_segmentation.utils - INFO - Best validation loss: 1.2497, Best validation accuracy: 50.58%
2025-11-28 14:38:05,901 - pointcloud_segmentation.utils - INFO - Learning rate: 0.001000
2025-11-28 14:38:05,901 - pointcloud_segmentation.utils - INFO - Epoch 5/20 - Train Loss: 1.1936, Val Loss: 22.5675, Val Acc: 29.32%
2025-11-28 14:38:05,916 - pointcloud_segmentation.utils - INFO - New best model saved! Val Loss: 22.5675, Val Acc: 29.32%
2025-11-28 14:38:17,326 - pointcloud_segmentation.utils - INFO - Learning rate: 0.001000
2025-11-28 14:38:17,326 - pointcloud_segmentation.utils - INFO - Epoch 6/20 - Train Loss: 1.1851, Val Loss: 9.4443, Val Acc: 50.56%
2025-11-28 14:38:17,341 - pointcloud_segmentation.utils - INFO - New best model saved! Val Loss: 9.4443, Val Acc: 50.56%
2025-11-28 14:38:28,776 - pointcloud_segmentation.utils - INFO - Learning rate: 0.001000
2025-11-28 14:38:28,776 - pointcloud_segmentation.utils - INFO - Epoch 7/20 - Train Loss: 1.1813, Val Loss: 9.7678, Val Acc: 50.56%
2025-11-28 14:38:40,107 - pointcloud_segmentation.utils - INFO - Learning rate: 0.001000
2025-11-28 14:38:40,107 - pointcloud_segmentation.utils - INFO - Epoch 8/20 - Train Loss: 1.1763, Val Loss: 3.5770, Val Acc: 50.56%
2025-11-28 14:38:40,120 - pointcloud_segmentation.utils - INFO - New best model saved! Val Loss: 3.5770, Val Acc: 50.56%
2025-11-28 14:38:51,592 - pointcloud_segmentation.utils - INFO - Learning rate: 0.001000
2025-11-28 14:38:51,592 - pointcloud_segmentation.utils - INFO - Epoch 9/20 - Train Loss: 1.1736, Val Loss: 2.1939, Val Acc: 50.56%
2025-11-28 14:38:51,605 - pointcloud_segmentation.utils - INFO - New best model saved! Val Loss: 2.1939, Val Acc: 50.56%
2025-11-28 14:39:02,949 - pointcloud_segmentation.utils - INFO - Learning rate: 0.000500
2025-11-28 14:39:02,949 - pointcloud_segmentation.utils - INFO - Epoch 10/20 - Train Loss: 1.1700, Val Loss: 1.6507, Val Acc: 50.56%
2025-11-28 14:39:02,969 - pointcloud_segmentation.utils - INFO - New best model saved! Val Loss: 1.6507, Val Acc: 50.56%
2025-11-28 14:39:14,363 - pointcloud_segmentation.utils - INFO - Learning rate: 0.000500
2025-11-28 14:39:14,363 - pointcloud_segmentation.utils - INFO - Epoch 11/20 - Train Loss: 1.1691, Val Loss: 1.5277, Val Acc: 50.56%
2025-11-28 14:39:14,378 - pointcloud_segmentation.utils - INFO - New best model saved! Val Loss: 1.5277, Val Acc: 50.56%
2025-11-28 14:39:25,916 - pointcloud_segmentation.utils - INFO - Learning rate: 0.000500
2025-11-28 14:39:25,917 - pointcloud_segmentation.utils - INFO - Epoch 12/20 - Train Loss: 1.1667, Val Loss: 1.6994, Val Acc: 50.55%
2025-11-28 14:39:37,277 - pointcloud_segmentation.utils - INFO - Learning rate: 0.000500
2025-11-28 14:39:37,277 - pointcloud_segmentation.utils - INFO - Epoch 13/20 - Train Loss: 1.1665, Val Loss: 1.7857, Val Acc: 50.57%
2025-11-28 14:39:48,886 - pointcloud_segmentation.utils - INFO - Learning rate: 0.000500
2025-11-28 14:39:48,887 - pointcloud_segmentation.utils - INFO - Epoch 14/20 - Train Loss: 1.1649, Val Loss: 1.9507, Val Acc: 50.57%
2025-11-28 14:40:00,457 - pointcloud_segmentation.utils - INFO - Learning rate: 0.000500
2025-11-28 14:40:00,457 - pointcloud_segmentation.utils - INFO - Epoch 15/20 - Train Loss: 1.1629, Val Loss: 1.2301, Val Acc: 50.56%
2025-11-28 14:40:00,477 - pointcloud_segmentation.utils - INFO - New best model saved! Val Loss: 1.2301, Val Acc: 50.56%
2025-11-28 14:40:11,815 - pointcloud_segmentation.utils - INFO - Learning rate: 0.000500
2025-11-28 14:40:11,815 - pointcloud_segmentation.utils - INFO - Epoch 16/20 - Train Loss: 1.1637, Val Loss: 1.1944, Val Acc: 50.59%
2025-11-28 14:40:11,835 - pointcloud_segmentation.utils - INFO - New best model saved! Val Loss: 1.1944, Val Acc: 50.59%
2025-11-28 14:40:23,237 - pointcloud_segmentation.utils - INFO - Learning rate: 0.000500
2025-11-28 14:40:23,237 - pointcloud_segmentation.utils - INFO - Epoch 17/20 - Train Loss: 1.1628, Val Loss: 1.2384, Val Acc: 50.60%
2025-11-28 14:40:34,654 - pointcloud_segmentation.utils - INFO - Learning rate: 0.000500
2025-11-28 14:40:34,654 - pointcloud_segmentation.utils - INFO - Epoch 18/20 - Train Loss: 1.1621, Val Loss: 2.0513, Val Acc: 50.56%
2025-11-28 14:40:46,089 - pointcloud_segmentation.utils - INFO - Learning rate: 0.000500
2025-11-28 14:40:46,090 - pointcloud_segmentation.utils - INFO - Epoch 19/20 - Train Loss: 1.1610, Val Loss: 2.1457, Val Acc: 50.57%
2025-11-28 14:40:57,691 - pointcloud_segmentation.utils - INFO - Learning rate: 0.000250
2025-11-28 14:40:57,691 - pointcloud_segmentation.utils - INFO - Epoch 20/20 - Train Loss: 1.1610, Val Loss: 1.8945, Val Acc: 50.57%
2025-11-28 14:40:57,691 - pointcloud_segmentation.utils - INFO - Training completed!
2025-11-28 14:40:57,691 - pointcloud_segmentation.utils - INFO - Best validation loss: 1.1944, Best validation accuracy: 50.59%
2025-11-28 15:22:48,237 - pointcloud_segmentation.utils - INFO - Starting PointNet++ training with ball query patches
2025-11-28 15:22:48,238 - pointcloud_segmentation.utils - INFO - Config: {'patches_path': 'data/ODMSemantic3D/patches_waterbury_roads_2.npz', 'batch_size': 8, 'num_epochs': 20, 'learning_rate': 0.001, 'weight_decay': 0.0001, 'num_classes': 10, 'num_points': 4096, 'val_split': 0.2, 'random_seed': 42, 'use_scheduler': True, 'scheduler_step': 10, 'scheduler_gamma': 0.5, 'num_workers': 0, 'log_dir': './logs', 'checkpoint_dir': './checkpoints'}
2025-11-28 15:22:59,850 - pointcloud_segmentation.utils - INFO - Learning rate: 0.001000
2025-11-28 15:22:59,851 - pointcloud_segmentation.utils - INFO - Epoch 1/20 - Train Loss: 1.4823, Val Loss: 80.0531, Val Acc: 29.32%
2025-11-28 15:22:59,869 - pointcloud_segmentation.utils - INFO - New best model saved! Val Loss: 80.0531, Val Acc: 29.32%
2025-11-28 15:23:10,782 - pointcloud_segmentation.utils - INFO - Learning rate: 0.001000
2025-11-28 15:23:10,783 - pointcloud_segmentation.utils - INFO - Epoch 2/20 - Train Loss: 1.2948, Val Loss: 295.6154, Val Acc: 29.32%
2025-11-28 15:23:21,682 - pointcloud_segmentation.utils - INFO - Learning rate: 0.001000
2025-11-28 15:23:21,682 - pointcloud_segmentation.utils - INFO - Epoch 3/20 - Train Loss: 1.2210, Val Loss: 253.4243, Val Acc: 29.32%
2025-11-28 15:23:32,527 - pointcloud_segmentation.utils - INFO - Learning rate: 0.001000
2025-11-28 15:23:32,527 - pointcloud_segmentation.utils - INFO - Epoch 4/20 - Train Loss: 1.1977, Val Loss: 91.0268, Val Acc: 50.56%
2025-11-28 15:23:43,444 - pointcloud_segmentation.utils - INFO - Learning rate: 0.001000
2025-11-28 15:23:43,444 - pointcloud_segmentation.utils - INFO - Epoch 5/20 - Train Loss: 1.1846, Val Loss: 47.7928, Val Acc: 29.32%
2025-11-28 15:23:43,458 - pointcloud_segmentation.utils - INFO - New best model saved! Val Loss: 47.7928, Val Acc: 29.32%
2025-11-28 15:23:54,692 - pointcloud_segmentation.utils - INFO - Learning rate: 0.001000
2025-11-28 15:23:54,692 - pointcloud_segmentation.utils - INFO - Epoch 6/20 - Train Loss: 1.1771, Val Loss: 26.3426, Val Acc: 50.56%
2025-11-28 15:23:54,710 - pointcloud_segmentation.utils - INFO - New best model saved! Val Loss: 26.3426, Val Acc: 50.56%
2025-11-28 15:24:05,792 - pointcloud_segmentation.utils - INFO - Learning rate: 0.001000
2025-11-28 15:24:05,792 - pointcloud_segmentation.utils - INFO - Epoch 7/20 - Train Loss: 1.1726, Val Loss: 24.5863, Val Acc: 50.56%
2025-11-28 15:24:05,807 - pointcloud_segmentation.utils - INFO - New best model saved! Val Loss: 24.5863, Val Acc: 50.56%
2025-11-28 15:24:17,523 - pointcloud_segmentation.utils - INFO - Learning rate: 0.001000
2025-11-28 15:24:17,523 - pointcloud_segmentation.utils - INFO - Epoch 8/20 - Train Loss: 1.1722, Val Loss: 12.3256, Val Acc: 50.56%
2025-11-28 15:24:17,541 - pointcloud_segmentation.utils - INFO - New best model saved! Val Loss: 12.3256, Val Acc: 50.56%
2025-11-28 15:24:29,887 - pointcloud_segmentation.utils - INFO - Learning rate: 0.001000
2025-11-28 15:24:29,888 - pointcloud_segmentation.utils - INFO - Epoch 9/20 - Train Loss: 1.1652, Val Loss: 13.2428, Val Acc: 50.56%
2025-11-28 15:24:41,131 - pointcloud_segmentation.utils - INFO - Learning rate: 0.000500
2025-11-28 15:24:41,132 - pointcloud_segmentation.utils - INFO - Epoch 10/20 - Train Loss: 1.1659, Val Loss: 19.0985, Val Acc: 50.56%
2025-11-28 15:24:52,053 - pointcloud_segmentation.utils - INFO - Learning rate: 0.000500
2025-11-28 15:24:52,053 - pointcloud_segmentation.utils - INFO - Epoch 11/20 - Train Loss: 1.1628, Val Loss: 10.7686, Val Acc: 50.56%
2025-11-28 15:24:52,069 - pointcloud_segmentation.utils - INFO - New best model saved! Val Loss: 10.7686, Val Acc: 50.56%
2025-11-28 15:25:03,198 - pointcloud_segmentation.utils - INFO - Learning rate: 0.000500
2025-11-28 15:25:03,199 - pointcloud_segmentation.utils - INFO - Epoch 12/20 - Train Loss: 1.1618, Val Loss: 13.3210, Val Acc: 50.56%
2025-11-28 15:25:14,200 - pointcloud_segmentation.utils - INFO - Learning rate: 0.000500
2025-11-28 15:25:14,200 - pointcloud_segmentation.utils - INFO - Epoch 13/20 - Train Loss: 1.1608, Val Loss: 10.0016, Val Acc: 50.56%
2025-11-28 15:25:14,213 - pointcloud_segmentation.utils - INFO - New best model saved! Val Loss: 10.0016, Val Acc: 50.56%
2025-11-28 15:25:25,438 - pointcloud_segmentation.utils - INFO - Learning rate: 0.000500
2025-11-28 15:25:25,439 - pointcloud_segmentation.utils - INFO - Epoch 14/20 - Train Loss: 1.1598, Val Loss: 5.0029, Val Acc: 50.56%
2025-11-28 15:25:25,453 - pointcloud_segmentation.utils - INFO - New best model saved! Val Loss: 5.0029, Val Acc: 50.56%
2025-11-28 15:25:36,385 - pointcloud_segmentation.utils - INFO - Learning rate: 0.000500
2025-11-28 15:25:36,385 - pointcloud_segmentation.utils - INFO - Epoch 15/20 - Train Loss: 1.1601, Val Loss: 2.1402, Val Acc: 50.56%
2025-11-28 15:25:36,401 - pointcloud_segmentation.utils - INFO - New best model saved! Val Loss: 2.1402, Val Acc: 50.56%
2025-11-28 15:25:47,239 - pointcloud_segmentation.utils - INFO - Learning rate: 0.000500
2025-11-28 15:25:47,240 - pointcloud_segmentation.utils - INFO - Epoch 16/20 - Train Loss: 1.1600, Val Loss: 2.7919, Val Acc: 50.56%
2025-11-28 15:25:58,426 - pointcloud_segmentation.utils - INFO - Learning rate: 0.000500
2025-11-28 15:25:58,426 - pointcloud_segmentation.utils - INFO - Epoch 17/20 - Train Loss: 1.1588, Val Loss: 3.2453, Val Acc: 50.56%
2025-11-28 15:26:09,391 - pointcloud_segmentation.utils - INFO - Learning rate: 0.000500
2025-11-28 15:26:09,391 - pointcloud_segmentation.utils - INFO - Epoch 18/20 - Train Loss: 1.1585, Val Loss: 5.1043, Val Acc: 50.56%
2025-11-28 15:26:20,631 - pointcloud_segmentation.utils - INFO - Learning rate: 0.000500
2025-11-28 15:26:20,632 - pointcloud_segmentation.utils - INFO - Epoch 19/20 - Train Loss: 1.1582, Val Loss: 5.8526, Val Acc: 50.56%
2025-11-28 15:26:31,520 - pointcloud_segmentation.utils - INFO - Learning rate: 0.000250
2025-11-28 15:26:31,521 - pointcloud_segmentation.utils - INFO - Epoch 20/20 - Train Loss: 1.1591, Val Loss: 26.1407, Val Acc: 50.56%
2025-11-28 15:26:31,521 - pointcloud_segmentation.utils - INFO - Training completed!
2025-11-28 15:26:31,521 - pointcloud_segmentation.utils - INFO - Best validation loss: 2.1402, Best validation accuracy: 50.56%
2025-11-28 16:04:16,114 - pointcloud_segmentation.utils - INFO - Starting PointNet++ training with ball query patches
2025-11-28 16:04:16,114 - pointcloud_segmentation.utils - INFO - Config: {'patches_path': 'data/ODMSemantic3D/patches_waterbury_roads_2.npz', 'batch_size': 8, 'num_epochs': 20, 'learning_rate': 0.001}
2025-11-28 16:04:27,641 - pointcloud_segmentation.utils - INFO - Epoch 1/20 - Train Loss: 1.5262, Val Loss: 45.0030, Val Acc: 15.32%
2025-11-28 16:04:27,663 - pointcloud_segmentation.utils - INFO - New best model saved! Val Loss: 45.0030, Val Acc: 15.32%
2025-11-28 16:04:39,025 - pointcloud_segmentation.utils - INFO - Epoch 2/20 - Train Loss: 1.3177, Val Loss: 59.3165, Val Acc: 50.56%
2025-11-28 16:04:50,519 - pointcloud_segmentation.utils - INFO - Epoch 3/20 - Train Loss: 1.2336, Val Loss: 133.2104, Val Acc: 29.32%
2025-11-28 16:05:01,600 - pointcloud_segmentation.utils - INFO - Epoch 4/20 - Train Loss: 1.2055, Val Loss: 63.4593, Val Acc: 29.32%
2025-11-28 16:05:12,521 - pointcloud_segmentation.utils - INFO - Epoch 5/20 - Train Loss: 1.1917, Val Loss: 50.0073, Val Acc: 29.32%
2025-11-28 16:05:23,546 - pointcloud_segmentation.utils - INFO - Epoch 6/20 - Train Loss: 1.1855, Val Loss: 28.7584, Val Acc: 29.32%
2025-11-28 16:05:23,563 - pointcloud_segmentation.utils - INFO - New best model saved! Val Loss: 28.7584, Val Acc: 29.32%
2025-11-28 16:05:34,649 - pointcloud_segmentation.utils - INFO - Epoch 7/20 - Train Loss: 1.1783, Val Loss: 22.0326, Val Acc: 29.32%
2025-11-28 16:05:34,664 - pointcloud_segmentation.utils - INFO - New best model saved! Val Loss: 22.0326, Val Acc: 29.32%
2025-11-28 16:05:45,935 - pointcloud_segmentation.utils - INFO - Epoch 8/20 - Train Loss: 1.1729, Val Loss: 13.0533, Val Acc: 29.32%
2025-11-28 16:05:45,951 - pointcloud_segmentation.utils - INFO - New best model saved! Val Loss: 13.0533, Val Acc: 29.32%
2025-11-28 16:05:57,271 - pointcloud_segmentation.utils - INFO - Epoch 9/20 - Train Loss: 1.1731, Val Loss: 15.3482, Val Acc: 29.32%
2025-11-28 16:06:08,744 - pointcloud_segmentation.utils - INFO - Epoch 10/20 - Train Loss: 1.1679, Val Loss: 5.5967, Val Acc: 29.32%
2025-11-28 16:06:08,760 - pointcloud_segmentation.utils - INFO - New best model saved! Val Loss: 5.5967, Val Acc: 29.32%
2025-11-28 16:06:19,983 - pointcloud_segmentation.utils - INFO - Epoch 11/20 - Train Loss: 1.1666, Val Loss: 11.2931, Val Acc: 29.32%
2025-11-28 16:06:31,549 - pointcloud_segmentation.utils - INFO - Epoch 12/20 - Train Loss: 1.1646, Val Loss: 9.0029, Val Acc: 29.32%
2025-11-28 16:06:42,657 - pointcloud_segmentation.utils - INFO - Epoch 13/20 - Train Loss: 1.1626, Val Loss: 4.0728, Val Acc: 50.56%
2025-11-28 16:06:42,674 - pointcloud_segmentation.utils - INFO - New best model saved! Val Loss: 4.0728, Val Acc: 50.56%
2025-11-28 16:06:55,307 - pointcloud_segmentation.utils - INFO - Epoch 14/20 - Train Loss: 1.1610, Val Loss: 2.7349, Val Acc: 29.32%
2025-11-28 16:06:55,321 - pointcloud_segmentation.utils - INFO - New best model saved! Val Loss: 2.7349, Val Acc: 29.32%
2025-11-28 16:07:07,086 - pointcloud_segmentation.utils - INFO - Epoch 15/20 - Train Loss: 1.1597, Val Loss: 3.0862, Val Acc: 50.56%
2025-11-28 16:07:18,499 - pointcloud_segmentation.utils - INFO - Epoch 16/20 - Train Loss: 1.1596, Val Loss: 8.3733, Val Acc: 50.56%
2025-11-28 16:07:29,826 - pointcloud_segmentation.utils - INFO - Epoch 17/20 - Train Loss: 1.1577, Val Loss: 6.0546, Val Acc: 50.56%
2025-11-28 16:07:41,295 - pointcloud_segmentation.utils - INFO - Epoch 18/20 - Train Loss: 1.1577, Val Loss: 6.1696, Val Acc: 50.56%
2025-11-28 16:07:52,642 - pointcloud_segmentation.utils - INFO - Epoch 19/20 - Train Loss: 1.1571, Val Loss: 1.8665, Val Acc: 50.56%
2025-11-28 16:07:52,665 - pointcloud_segmentation.utils - INFO - New best model saved! Val Loss: 1.8665, Val Acc: 50.56%
2025-11-28 16:08:04,322 - pointcloud_segmentation.utils - INFO - Epoch 20/20 - Train Loss: 1.1562, Val Loss: 4.0627, Val Acc: 50.56%
2025-11-28 16:08:04,323 - pointcloud_segmentation.utils - INFO - Training completed!
2025-11-28 16:08:04,323 - pointcloud_segmentation.utils - INFO - Best validation loss: 1.8665, Best validation accuracy: 50.56%
